2022-07-05T08:57:51.474529Z 0 [Warning] Insecure configuration for --secure-file-priv: Current value does not restrict location of generated files. Consider setting it to a valid, non-empty path.
2022-07-05T08:57:51.475372Z 0 [ERROR] Cannot open Windows EventLog; check privileges, or start server with --log_syslog=0
2022-07-05T08:57:51.475478Z 0 [Note] C:\laragon\bin\mysql\mysql-5.7.33-winx64\bin\mysqld (mysqld 5.7.33) starting as process 11692 ...
2022-07-05T08:57:51.503263Z 0 [Note] InnoDB: Mutexes and rw_locks use Windows interlocked functions
2022-07-05T08:57:51.504019Z 0 [Note] InnoDB: Uses event mutexes
2022-07-05T08:57:51.504471Z 0 [Note] InnoDB: _mm_lfence() and _mm_sfence() are used for memory barrier
2022-07-05T08:57:51.505199Z 0 [Note] InnoDB: Compressed tables use zlib 1.2.11
2022-07-05T08:57:51.506607Z 0 [Note] InnoDB: Number of pools: 1
2022-07-05T08:57:51.507063Z 0 [Note] InnoDB: Not using CPU crc32 instructions
2022-07-05T08:57:51.509161Z 0 [Note] InnoDB: Initializing buffer pool, total size = 128M, instances = 1, chunk size = 128M
2022-07-05T08:57:51.514730Z 0 [Note] InnoDB: Completed initialization of buffer pool
2022-07-05T08:57:51.540140Z 0 [Note] InnoDB: Highest supported file format is Barracuda.
2022-07-05T08:57:51.571301Z 0 [Note] InnoDB: Creating shared tablespace for temporary tables
2022-07-05T08:57:51.571837Z 0 [Note] InnoDB: Setting file '.\ibtmp1' size to 12 MB. Physically writing the file full; Please wait ...
2022-07-05T08:57:51.586373Z 0 [Note] InnoDB: File '.\ibtmp1' size is now 12 MB.
2022-07-05T08:57:51.592487Z 0 [Note] InnoDB: 96 redo rollback segment(s) found. 96 redo rollback segment(s) are active.
2022-07-05T08:57:51.592981Z 0 [Note] InnoDB: 32 non-redo rollback segment(s) are active.
2022-07-05T08:57:51.593551Z 0 [Note] InnoDB: Waiting for purge to start
2022-07-05T08:57:51.660002Z 0 [Note] InnoDB: 5.7.33 started; log sequence number 2747166
2022-07-05T08:57:51.661290Z 0 [Note] InnoDB: Loading buffer pool(s) from C:\laragon\www\thuctapmoi\public\mysql\ib_buffer_pool
2022-07-05T08:57:51.661381Z 0 [Note] Plugin 'FEDERATED' is disabled.
2022-07-05T08:57:51.679544Z 0 [Note] Found ca.pem, server-cert.pem and server-key.pem in data directory. Trying to enable SSL support using them.
2022-07-05T08:57:51.679996Z 0 [Note] Skipping generation of SSL certificates as certificate files are present in data directory.
2022-07-05T08:57:51.681777Z 0 [Warning] CA certificate ca.pem is self signed.
2022-07-05T08:57:51.682089Z 0 [Note] Skipping generation of RSA key pair as key files are present in data directory.
2022-07-05T08:57:51.682522Z 0 [Note] Server hostname (bind-address): '*'; port: 3306
2022-07-05T08:57:51.682906Z 0 [Note] IPv6 is available.
2022-07-05T08:57:51.683063Z 0 [Note]   - '::' resolves to '::';
2022-07-05T08:57:51.683263Z 0 [Note] Server socket created on IP: '::'.
2022-07-05T08:57:51.686724Z 0 [Note] InnoDB: Buffer pool(s) load completed at 220705 15:57:51
2022-07-05T08:57:51.708173Z 0 [Note] Event Scheduler: Loaded 0 events
2022-07-05T08:57:51.708456Z 0 [Note] C:\laragon\bin\mysql\mysql-5.7.33-winx64\bin\mysqld: ready for connections.
Version: '5.7.33'  socket: ''  port: 3306  MySQL Community Server (GPL)
